<?xml version="1.0" encoding="UTF-8"?>
<!-- Generated by org.testng.reporters.JUnitXMLReporter -->
<testsuite ignored="2" name="chromeTest" tests="3" failures="0" timestamp="03 Oct 2017 07:28:12 GMT" time="53.315" errors="0">
  <testcase name="testhelp" time="19.679" classname="com.amazon.test.HelpTest"/>
  <testcase name="testValidLogin" time="5.274" classname="com.amazon.test.ValidLoginTest"/>
  <testcase name="testinValidLogin" time="3.027" classname="com.amazon.test.InvalidLoginTest"/>
  <testcase name="@BeforeSuite initApp" time="0.0" classname="com.amazon.generic.BaseTest">
    <ignored/>
  </testcase> <!-- @BeforeSuite initApp -->
  <testcase name="@BeforeSuite initApp" time="0.0" classname="com.amazon.generic.BaseTest">
    <ignored/>
  </testcase> <!-- @BeforeSuite initApp -->
</testsuite> <!-- chromeTest -->
