<?xml version="1.0" encoding="UTF-8"?>
<!-- Generated by org.testng.reporters.JUnitXMLReporter -->
<testsuite hostname="QSP-012" ignored="2" name="firefoxTest" tests="3" failures="1" timestamp="03 Oct 2017 07:30:09 GMT" time="117.368" errors="0">
  <testcase name="@AfterMethod postconditions" time="0.02" classname="com.amazon.generic.BaseTest">
    <failure type="org.openqa.selenium.SessionNotCreatedException" message="Tried to run command without establishing a connection
Build info: version: &amp;apos;3.5.3&amp;apos;, revision: &amp;apos;a88d25fe6b&amp;apos;, time: &amp;apos;2017-08-29T12:54:15.039Z&amp;apos;
System info: host: &amp;apos;QSP-012&amp;apos;, ip: &amp;apos;198.105.244.11&amp;apos;, os.name: &amp;apos;Linux&amp;apos;, os.arch: &amp;apos;amd64&amp;apos;, os.version: &amp;apos;4.10.0-35-generic&amp;apos;, java.version: &amp;apos;1.8.0_131&amp;apos;
Driver info: org.openqa.selenium.remote.RemoteWebDriver
Capabilities [{moz:profile=/tmp/rust_mozprofile.On8MqWi1URYl, rotatable=false, timeouts={implicit=0, pageLoad=300000, script=30000}, pageLoadStrategy=normal, platform=LINUX, specificationLevel=0, moz:accessibilityChecks=false, acceptInsecureCerts=false, browserVersion=55.0.2, platformVersion=4.10.0-35-generic, moz:processID=14016, browserName=firefox, javascriptEnabled=true, platformName=LINUX}]
Session ID: df86b664-8d3a-48cf-b578-45178e490502">
      <![CDATA[org.openqa.selenium.SessionNotCreatedException: Tried to run command without establishing a connection
Build info: version: '3.5.3', revision: 'a88d25fe6b', time: '2017-08-29T12:54:15.039Z'
System info: host: 'QSP-012', ip: '198.105.244.11', os.name: 'Linux', os.arch: 'amd64', os.version: '4.10.0-35-generic', java.version: '1.8.0_131'
Driver info: org.openqa.selenium.remote.RemoteWebDriver
Capabilities [{moz:profile=/tmp/rust_mozprofile.On8MqWi1URYl, rotatable=false, timeouts={implicit=0, pageLoad=300000, script=30000}, pageLoadStrategy=normal, platform=LINUX, specificationLevel=0, moz:accessibilityChecks=false, acceptInsecureCerts=false, browserVersion=55.0.2, platformVersion=4.10.0-35-generic, moz:processID=14016, browserName=firefox, javascriptEnabled=true, platformName=LINUX}]
Session ID: df86b664-8d3a-48cf-b578-45178e490502
	at org.openqa.selenium.remote.http.W3CHttpResponseCodec.createException(W3CHttpResponseCodec.java:185)
	at org.openqa.selenium.remote.http.W3CHttpResponseCodec.decode(W3CHttpResponseCodec.java:120)
	at org.openqa.selenium.remote.http.W3CHttpResponseCodec.decode(W3CHttpResponseCodec.java:49)
	at org.openqa.selenium.remote.HttpCommandExecutor.execute(HttpCommandExecutor.java:164)
	at org.openqa.selenium.remote.RemoteWebDriver.execute(RemoteWebDriver.java:646)
	at org.openqa.selenium.remote.RemoteWebDriver.execute(RemoteWebDriver.java:703)
	at org.openqa.selenium.remote.RemoteWebDriver.close(RemoteWebDriver.java:532)
	at com.amazon.generic.BaseTest.postconditions(BaseTest.java:54)
... Removed 31 stack frames]]>
    </failure>
  </testcase> <!-- @AfterMethod postconditions -->
  <testcase name="@BeforeMethod openApp" time="0.0" classname="com.amazon.generic.BaseTest">
    <skipped/>
  </testcase> <!-- @BeforeMethod openApp -->
  <testcase name="@AfterMethod postconditions" time="0.0" classname="com.amazon.generic.BaseTest">
    <skipped/>
  </testcase> <!-- @AfterMethod postconditions -->
  <testcase name="@BeforeMethod openApp" time="0.0" classname="com.amazon.generic.BaseTest">
    <skipped/>
  </testcase> <!-- @BeforeMethod openApp -->
  <testcase name="@AfterMethod postconditions" time="0.0" classname="com.amazon.generic.BaseTest">
    <skipped/>
  </testcase> <!-- @AfterMethod postconditions -->
  <testcase name="testhelp" time="99.345" classname="com.amazon.test.HelpTest">
    <failure type="org.openqa.selenium.WebDriverException" message="Failed to decode response from marionette
Build info: version: &amp;apos;3.5.3&amp;apos;, revision: &amp;apos;a88d25fe6b&amp;apos;, time: &amp;apos;2017-08-29T12:54:15.039Z&amp;apos;
System info: host: &amp;apos;QSP-012&amp;apos;, ip: &amp;apos;198.105.244.11&amp;apos;, os.name: &amp;apos;Linux&amp;apos;, os.arch: &amp;apos;amd64&amp;apos;, os.version: &amp;apos;4.10.0-35-generic&amp;apos;, java.version: &amp;apos;1.8.0_131&amp;apos;
Driver info: org.openqa.selenium.remote.RemoteWebDriver
Capabilities [{moz:profile=/tmp/rust_mozprofile.On8MqWi1URYl, rotatable=false, timeouts={implicit=0, pageLoad=300000, script=30000}, pageLoadStrategy=normal, platform=LINUX, specificationLevel=0, moz:accessibilityChecks=false, acceptInsecureCerts=false, browserVersion=55.0.2, platformVersion=4.10.0-35-generic, moz:processID=14016, browserName=firefox, javascriptEnabled=true, platformName=LINUX}]
Session ID: df86b664-8d3a-48cf-b578-45178e490502">
      <![CDATA[org.openqa.selenium.WebDriverException: Failed to decode response from marionette
Build info: version: '3.5.3', revision: 'a88d25fe6b', time: '2017-08-29T12:54:15.039Z'
System info: host: 'QSP-012', ip: '198.105.244.11', os.name: 'Linux', os.arch: 'amd64', os.version: '4.10.0-35-generic', java.version: '1.8.0_131'
Driver info: org.openqa.selenium.remote.RemoteWebDriver
Capabilities [{moz:profile=/tmp/rust_mozprofile.On8MqWi1URYl, rotatable=false, timeouts={implicit=0, pageLoad=300000, script=30000}, pageLoadStrategy=normal, platform=LINUX, specificationLevel=0, moz:accessibilityChecks=false, acceptInsecureCerts=false, browserVersion=55.0.2, platformVersion=4.10.0-35-generic, moz:processID=14016, browserName=firefox, javascriptEnabled=true, platformName=LINUX}]
Session ID: df86b664-8d3a-48cf-b578-45178e490502
	at org.openqa.selenium.remote.http.W3CHttpResponseCodec.createException(W3CHttpResponseCodec.java:185)
	at org.openqa.selenium.remote.http.W3CHttpResponseCodec.decode(W3CHttpResponseCodec.java:120)
	at org.openqa.selenium.remote.http.W3CHttpResponseCodec.decode(W3CHttpResponseCodec.java:49)
	at org.openqa.selenium.remote.HttpCommandExecutor.execute(HttpCommandExecutor.java:164)
	at org.openqa.selenium.remote.RemoteWebDriver.execute(RemoteWebDriver.java:646)
	at org.openqa.selenium.remote.RemoteWebElement.execute(RemoteWebElement.java:275)
	at org.openqa.selenium.remote.RemoteWebElement.click(RemoteWebElement.java:82)
	at org.openqa.selenium.support.pagefactory.internal.LocatingElementHandler.invoke(LocatingElementHandler.java:51)
	at com.sun.proxy.$Proxy12.click(Unknown Source)
	at com.amazon.page.TimeTrackPage.inviteLinkClick(TimeTrackPage.java:19)
	at com.amazon.test.HelpTest.testhelp(HelpTest.java:60)
... Removed 33 stack frames]]>
    </failure>
  </testcase> <!-- testhelp -->
  <testcase name="testValidLogin" time="0.0" classname="com.amazon.test.ValidLoginTest">
    <skipped/>
  </testcase> <!-- testValidLogin -->
  <testcase name="testinValidLogin" time="0.001" classname="com.amazon.test.InvalidLoginTest">
    <skipped/>
  </testcase> <!-- testinValidLogin -->
  <testcase name="@BeforeSuite initApp" time="0.0" classname="com.amazon.generic.BaseTest">
    <ignored/>
  </testcase> <!-- @BeforeSuite initApp -->
  <testcase name="@BeforeSuite initApp" time="0.0" classname="com.amazon.generic.BaseTest">
    <ignored/>
  </testcase> <!-- @BeforeSuite initApp -->
</testsuite> <!-- firefoxTest -->
