<?xml version="1.0" encoding="UTF-8"?>
<!-- Generated by org.testng.reporters.JUnitXMLReporter -->
<testsuite hostname="QSP-012" ignored="0" name="Test" tests="1" failures="1" timestamp="20 Sep 2017 07:23:34 GMT" time="0.025" errors="0">
  <testcase name="testinValidLogin" time="0.0" classname="com.amazon.test.InvalidLoginTest">
    <failure type="org.testng.TestNGException" message="
Cannot inject @Test annotated Method [testinValidLogin] with [class java.lang.String, int, int].
For more information on native dependency injection please refer to http://testng.org/doc/documentation-main.html#native-dependency-injection">
      <![CDATA[org.testng.TestNGException: 
Cannot inject @Test annotated Method [testinValidLogin] with [class java.lang.String, int, int].
For more information on native dependency injection please refer to http://testng.org/doc/documentation-main.html#native-dependency-injection
... Removed 24 stack frames]]>
    </failure>
  </testcase> <!-- testinValidLogin -->
</testsuite> <!-- Test -->
